Started GET "/" for 127.0.0.1 at 2018-04-18 16:53:24 +0800
Processing by Rails::WelcomeController#index as HTML
  Rendering C:/Ruby23/lib/ruby/gems/2.3.0/gems/railties-5.1.6/lib/rails/templates/rails/welcome/index.html.erb
  Rendered C:/Ruby23/lib/ruby/gems/2.3.0/gems/railties-5.1.6/lib/rails/templates/rails/welcome/index.html.erb (6.0ms)
Completed 200 OK in 319ms (Views: 36.1ms)


  [1m[35m (0.0ms)[0m  [1m[34mSELECT sqlite_version(*)[0m
  [1m[35m (171.0ms)[0m  [1m[35mCREATE TABLE "schema_migrations" ("version" varchar NOT NULL PRIMARY KEY)[0m
  [1m[35m (192.8ms)[0m  [1m[35mCREATE TABLE "ar_internal_metadata" ("key" varchar NOT NULL PRIMARY KEY, "value" varchar, "created_at" datetime NOT NULL, "updated_at" datetime NOT NULL)[0m
  [1m[35m (0.0ms)[0m  [1m[34mSELECT "schema_migrations"."version" FROM "schema_migrations" ORDER BY "schema_migrations"."version" ASC[0m
Migrating to CreateSmartAdaptors (20180422092140)
  [1m[35m (0.0ms)[0m  [1m[36mbegin transaction[0m
  [1m[35m (2.0ms)[0m  [1m[35mCREATE TABLE "smart_adaptors" ("id" INTEGER PRIMARY KEY AUTOINCREMENT NOT NULL, "name" varchar, "state" boolean, "created_at" datetime NOT NULL, "updated_at" datetime NOT NULL)[0m
  [1m[35mSQL (0.0ms)[0m  [1m[32mINSERT INTO "schema_migrations" ("version") VALUES (?)[0m  [["version", "20180422092140"]]
  [1m[35m (282.7ms)[0m  [1m[36mcommit transaction[0m
  [1m[36mActiveRecord::InternalMetadata Load (0.0ms)[0m  [1m[34mSELECT  "ar_internal_metadata".* FROM "ar_internal_metadata" WHERE "ar_internal_metadata"."key" = ? LIMIT ?[0m  [["key", "environment"], ["LIMIT", 1]]
  [1m[35m (0.0ms)[0m  [1m[36mbegin transaction[0m
  [1m[35mSQL (1.0ms)[0m  [1m[32mINSERT INTO "ar_internal_metadata" ("key", "value", "created_at", "updated_at") VALUES (?, ?, ?, ?)[0m  [["key", "environment"], ["value", "development"], ["created_at", "2018-04-22 09:22:52.223673"], ["updated_at", "2018-04-22 09:22:52.223673"]]
  [1m[35m (121.4ms)[0m  [1m[36mcommit transaction[0m
  [1m[35m (0.0ms)[0m  [1m[34mSELECT "schema_migrations"."version" FROM "schema_migrations" ORDER BY "schema_migrations"."version" ASC[0m
Started GET "/adaptor/list" for 127.0.0.1 at 2018-04-23 15:28:45 +0800
  [1m[35m (0.0ms)[0m  [1m[34mSELECT "schema_migrations"."version" FROM "schema_migrations" ORDER BY "schema_migrations"."version" ASC[0m
Processing by AdaptorController#list as */*
  [1m[36mSmartAdaptor Load (0.0ms)[0m  [1m[34mSELECT "smart_adaptors".* FROM "smart_adaptors"[0m
Completed 200 OK in 26ms (Views: 2.4ms | ActiveRecord: 1.0ms)


Started POST "/adaptor/register?name=adaptor1" for 127.0.0.1 at 2018-04-23 15:29:11 +0800
Processing by AdaptorController#register as */*
  Parameters: {"name"=>"adaptor1"}
Can't verify CSRF token authenticity.
Completed 422 Unprocessable Entity in 1ms (ActiveRecord: 0.0ms)


  
ActionController::InvalidAuthenticityToken (ActionController::InvalidAuthenticityToken):
  
actionpack (5.1.6) lib/action_controller/metal/request_forgery_protection.rb:195:in `handle_unverified_request'
actionpack (5.1.6) lib/action_controller/metal/request_forgery_protection.rb:227:in `handle_unverified_request'
actionpack (5.1.6) lib/action_controller/metal/request_forgery_protection.rb:222:in `verify_authenticity_token'
activesupport (5.1.6) lib/active_support/callbacks.rb:413:in `block in make_lambda'
activesupport (5.1.6) lib/active_support/callbacks.rb:197:in `block (2 levels) in halting'
actionpack (5.1.6) lib/abstract_controller/callbacks.rb:12:in `block (2 levels) in <module:Callbacks>'
activesupport (5.1.6) lib/active_support/callbacks.rb:198:in `block in halting'
activesupport (5.1.6) lib/active_support/callbacks.rb:507:in `block in invoke_before'
activesupport (5.1.6) lib/active_support/callbacks.rb:507:in `each'
activesupport (5.1.6) lib/active_support/callbacks.rb:507:in `invoke_before'
activesupport (5.1.6) lib/active_support/callbacks.rb:130:in `run_callbacks'
actionpack (5.1.6) lib/abstract_controller/callbacks.rb:19:in `process_action'
actionpack (5.1.6) lib/action_controller/metal/rescue.rb:20:in `process_action'
actionpack (5.1.6) lib/action_controller/metal/instrumentation.rb:32:in `block in process_action'
activesupport (5.1.6) lib/active_support/notifications.rb:166:in `block in instrument'
activesupport (5.1.6) lib/active_support/notifications/instrumenter.rb:21:in `instrument'
activesupport (5.1.6) lib/active_support/notifications.rb:166:in `instrument'
actionpack (5.1.6) lib/action_controller/metal/instrumentation.rb:30:in `process_action'
actionpack (5.1.6) lib/action_controller/metal/params_wrapper.rb:252:in `process_action'
activerecord (5.1.6) lib/active_record/railties/controller_runtime.rb:22:in `process_action'
actionpack (5.1.6) lib/abstract_controller/base.rb:124:in `process'
actionview (5.1.6) lib/action_view/rendering.rb:30:in `process'
actionpack (5.1.6) lib/action_controller/metal.rb:189:in `dispatch'
actionpack (5.1.6) lib/action_controller/metal.rb:253:in `dispatch'
actionpack (5.1.6) lib/action_dispatch/routing/route_set.rb:49:in `dispatch'
actionpack (5.1.6) lib/action_dispatch/routing/route_set.rb:31:in `serve'
actionpack (5.1.6) lib/action_dispatch/journey/router.rb:50:in `block in serve'
actionpack (5.1.6) lib/action_dispatch/journey/router.rb:33:in `each'
actionpack (5.1.6) lib/action_dispatch/journey/router.rb:33:in `serve'
actionpack (5.1.6) lib/action_dispatch/routing/route_set.rb:844:in `call'
rack (2.0.4) lib/rack/etag.rb:25:in `call'
rack (2.0.4) lib/rack/conditional_get.rb:38:in `call'
rack (2.0.4) lib/rack/head.rb:12:in `call'
rack (2.0.4) lib/rack/session/abstract/id.rb:232:in `context'
rack (2.0.4) lib/rack/session/abstract/id.rb:226:in `call'
actionpack (5.1.6) lib/action_dispatch/middleware/cookies.rb:613:in `call'
activerecord (5.1.6) lib/active_record/migration.rb:556:in `call'
actionpack (5.1.6) lib/action_dispatch/middleware/callbacks.rb:26:in `block in call'
activesupport (5.1.6) lib/active_support/callbacks.rb:97:in `run_callbacks'
actionpack (5.1.6) lib/action_dispatch/middleware/callbacks.rb:24:in `call'
actionpack (5.1.6) lib/action_dispatch/middleware/executor.rb:12:in `call'
actionpack (5.1.6) lib/action_dispatch/middleware/debug_exceptions.rb:59:in `call'
web-console (3.6.0) lib/web_console/middleware.rb:137:in `call_app'
web-console (3.6.0) lib/web_console/middleware.rb:30:in `block in call'
web-console (3.6.0) lib/web_console/middleware.rb:20:in `catch'
web-console (3.6.0) lib/web_console/middleware.rb:20:in `call'
actionpack (5.1.6) lib/action_dispatch/middleware/show_exceptions.rb:31:in `call'
railties (5.1.6) lib/rails/rack/logger.rb:36:in `call_app'
railties (5.1.6) lib/rails/rack/logger.rb:24:in `block in call'
activesupport (5.1.6) lib/active_support/tagged_logging.rb:69:in `block in tagged'
activesupport (5.1.6) lib/active_support/tagged_logging.rb:26:in `tagged'
activesupport (5.1.6) lib/active_support/tagged_logging.rb:69:in `tagged'
railties (5.1.6) lib/rails/rack/logger.rb:24:in `call'
sprockets-rails (3.2.1) lib/sprockets/rails/quiet_assets.rb:13:in `call'
actionpack (5.1.6) lib/action_dispatch/middleware/remote_ip.rb:79:in `call'
actionpack (5.1.6) lib/action_dispatch/middleware/request_id.rb:25:in `call'
rack (2.0.4) lib/rack/method_override.rb:22:in `call'
rack (2.0.4) lib/rack/runtime.rb:22:in `call'
activesupport (5.1.6) lib/active_support/cache/strategy/local_cache_middleware.rb:27:in `call'
actionpack (5.1.6) lib/action_dispatch/middleware/executor.rb:12:in `call'
actionpack (5.1.6) lib/action_dispatch/middleware/static.rb:125:in `call'
rack (2.0.4) lib/rack/sendfile.rb:111:in `call'
railties (5.1.6) lib/rails/engine.rb:522:in `call'
puma (3.11.4) lib/puma/configuration.rb:225:in `call'
puma (3.11.4) lib/puma/server.rb:632:in `handle_request'
puma (3.11.4) lib/puma/server.rb:446:in `process_client'
puma (3.11.4) lib/puma/server.rb:306:in `block in run'
puma (3.11.4) lib/puma/thread_pool.rb:120:in `block in spawn_thread'
Started POST "/adaptor/register?name=adaptor1" for 127.0.0.1 at 2018-04-23 15:30:04 +0800
Processing by AdaptorController#register as */*
  Parameters: {"name"=>"adaptor1"}
Can't verify CSRF token authenticity.
  [1m[35m (0.0ms)[0m  [1m[36mbegin transaction[0m
  [1m[35mSQL (2.0ms)[0m  [1m[32mINSERT INTO "smart_adaptors" ("name", "state", "created_at", "updated_at") VALUES (?, ?, ?, ?)[0m  [["name", "adaptor1"], ["state", "f"], ["created_at", "2018-04-23 07:30:14.859986"], ["updated_at", "2018-04-23 07:30:14.859986"]]
  [1m[35m (127.0ms)[0m  [1m[36mcommit transaction[0m
Completed 200 OK in 148ms (Views: 0.9ms | ActiveRecord: 131.1ms)


Started GET "/adaptor/get_state?name=adaptor1" for 127.0.0.1 at 2018-04-23 15:31:23 +0800
Processing by AdaptorController#get_state as */*
  Parameters: {"name"=>"adaptor1"}
  [1m[36mSmartAdaptor Load (0.0ms)[0m  [1m[34mSELECT  "smart_adaptors".* FROM "smart_adaptors" WHERE "smart_adaptors"."name" = ? ORDER BY "smart_adaptors"."id" ASC LIMIT ?[0m  [["name", "adaptor1"], ["LIMIT", 1]]
Completed 200 OK in 97ms (Views: 27.4ms | ActiveRecord: 0.0ms)


Started POST "/adaptor/power_on?name=adaptor1" for 127.0.0.1 at 2018-04-23 15:31:36 +0800
Processing by AdaptorController#power_on as */*
  Parameters: {"name"=>"adaptor1"}
Can't verify CSRF token authenticity.
  [1m[36mSmartAdaptor Load (0.0ms)[0m  [1m[34mSELECT  "smart_adaptors".* FROM "smart_adaptors" WHERE "smart_adaptors"."name" = ? ORDER BY "smart_adaptors"."id" ASC LIMIT ?[0m  [["name", "adaptor1"], ["LIMIT", 1]]
  [1m[35m (1.0ms)[0m  [1m[36mbegin transaction[0m
  [1m[35mSQL (2.1ms)[0m  [1m[33mUPDATE "smart_adaptors" SET "state" = ?, "updated_at" = ? WHERE "smart_adaptors"."id" = ?[0m  [["state", "t"], ["updated_at", "2018-04-23 07:31:36.284812"], ["id", 1]]
  [1m[35m (188.1ms)[0m  [1m[36mcommit transaction[0m
Completed 200 OK in 203ms (Views: 1.0ms | ActiveRecord: 191.1ms)


Started GET "/adaptor/get_state?name=adaptor1" for 127.0.0.1 at 2018-04-23 15:31:40 +0800
Processing by AdaptorController#get_state as */*
  Parameters: {"name"=>"adaptor1"}
  [1m[36mSmartAdaptor Load (0.0ms)[0m  [1m[34mSELECT  "smart_adaptors".* FROM "smart_adaptors" WHERE "smart_adaptors"."name" = ? ORDER BY "smart_adaptors"."id" ASC LIMIT ?[0m  [["name", "adaptor1"], ["LIMIT", 1]]
Completed 200 OK in 5ms (Views: 1.0ms | ActiveRecord: 0.0ms)


Started POST "/adaptor/power_off?name=adaptor1" for 127.0.0.1 at 2018-04-23 15:31:49 +0800
Processing by AdaptorController#power_off as */*
  Parameters: {"name"=>"adaptor1"}
Can't verify CSRF token authenticity.
  [1m[36mSmartAdaptor Load (0.0ms)[0m  [1m[34mSELECT  "smart_adaptors".* FROM "smart_adaptors" WHERE "smart_adaptors"."name" = ? ORDER BY "smart_adaptors"."id" ASC LIMIT ?[0m  [["name", "adaptor1"], ["LIMIT", 1]]
  [1m[35m (0.0ms)[0m  [1m[36mbegin transaction[0m
  [1m[35mSQL (1.0ms)[0m  [1m[33mUPDATE "smart_adaptors" SET "state" = ?, "updated_at" = ? WHERE "smart_adaptors"."id" = ?[0m  [["state", "f"], ["updated_at", "2018-04-23 07:31:49.743341"], ["id", 1]]
  [1m[35m (224.5ms)[0m  [1m[36mcommit transaction[0m
Completed 200 OK in 233ms (Views: 0.7ms | ActiveRecord: 225.5ms)


Started GET "/adaptor/get_state?name=adaptor1" for 127.0.0.1 at 2018-04-23 15:32:21 +0800
Processing by AdaptorController#get_state as */*
  Parameters: {"name"=>"adaptor1"}
  [1m[36mSmartAdaptor Load (0.0ms)[0m  [1m[34mSELECT  "smart_adaptors".* FROM "smart_adaptors" WHERE "smart_adaptors"."name" = ? ORDER BY "smart_adaptors"."id" ASC LIMIT ?[0m  [["name", "adaptor1"], ["LIMIT", 1]]
Completed 500 Internal Server Error in 19ms (ActiveRecord: 1.0ms)


  
NoMethodError (undefined method `-' for #<SmartAdaptor:0x751c548>):
  
app/controllers/adaptor_controller.rb:25:in `get_state'
Started GET "/adaptor/get_state?name=adaptor1" for 127.0.0.1 at 2018-04-23 15:33:56 +0800
Processing by AdaptorController#get_state as */*
  Parameters: {"name"=>"adaptor1"}
  [1m[36mSmartAdaptor Load (0.0ms)[0m  [1m[34mSELECT  "smart_adaptors".* FROM "smart_adaptors" WHERE "smart_adaptors"."name" = ? ORDER BY "smart_adaptors"."id" ASC LIMIT ?[0m  [["name", "adaptor1"], ["LIMIT", 1]]
Completed 500 Internal Server Error in 15ms (ActiveRecord: 1.0ms)


  
ArgumentError (wrong number of arguments (given 1, expected 0)):
  
app/controllers/adaptor_controller.rb:25:in `get_state'
Started GET "/adaptor/get_state?name=adaptor1" for 127.0.0.1 at 2018-04-23 15:35:18 +0800
Processing by AdaptorController#get_state as */*
  Parameters: {"name"=>"adaptor1"}
  [1m[36mSmartAdaptor Load (0.0ms)[0m  [1m[34mSELECT  "smart_adaptors".* FROM "smart_adaptors" WHERE "smart_adaptors"."name" = ? ORDER BY "smart_adaptors"."id" ASC LIMIT ?[0m  [["name", "adaptor1"], ["LIMIT", 1]]
Completed 500 Internal Server Error in 16ms (ActiveRecord: 1.0ms)


  
ArgumentError (wrong number of arguments (given 1, expected 0)):
  
app/controllers/adaptor_controller.rb:25:in `get_state'
Started GET "/adaptor/get_state?name=adaptor1" for 127.0.0.1 at 2018-04-23 15:35:31 +0800
Processing by AdaptorController#get_state as */*
  Parameters: {"name"=>"adaptor1"}
  [1m[36mSmartAdaptor Load (1.0ms)[0m  [1m[34mSELECT  "smart_adaptors".* FROM "smart_adaptors" WHERE "smart_adaptors"."name" = ? ORDER BY "smart_adaptors"."id" ASC LIMIT ?[0m  [["name", "adaptor1"], ["LIMIT", 1]]
Completed 500 Internal Server Error in 24ms (ActiveRecord: 2.0ms)


  
NoMethodError (undefined method `except' for #<SmartAdaptor:0x76c3290>
Did you mean?  exec):
  
app/controllers/adaptor_controller.rb:25:in `get_state'
  [1m[36mSmartAdaptor Load (0.0ms)[0m  [1m[34mSELECT  "smart_adaptors".* FROM "smart_adaptors" WHERE "smart_adaptors"."id" = ? LIMIT ?[0m  [["id", 1], ["LIMIT", 1]]
Started GET "/adaptor/get_list" for 127.0.0.1 at 2018-04-23 15:50:34 +0800
  [1m[35m (0.0ms)[0m  [1m[34mSELECT "schema_migrations"."version" FROM "schema_migrations" ORDER BY "schema_migrations"."version" ASC[0m
  
ActionController::RoutingError (No route matches [GET] "/adaptor/get_list"):
  
actionpack (5.1.6) lib/action_dispatch/middleware/debug_exceptions.rb:63:in `call'
web-console (3.6.0) lib/web_console/middleware.rb:137:in `call_app'
web-console (3.6.0) lib/web_console/middleware.rb:30:in `block in call'
web-console (3.6.0) lib/web_console/middleware.rb:20:in `catch'
web-console (3.6.0) lib/web_console/middleware.rb:20:in `call'
actionpack (5.1.6) lib/action_dispatch/middleware/show_exceptions.rb:31:in `call'
railties (5.1.6) lib/rails/rack/logger.rb:36:in `call_app'
railties (5.1.6) lib/rails/rack/logger.rb:24:in `block in call'
activesupport (5.1.6) lib/active_support/tagged_logging.rb:69:in `block in tagged'
activesupport (5.1.6) lib/active_support/tagged_logging.rb:26:in `tagged'
activesupport (5.1.6) lib/active_support/tagged_logging.rb:69:in `tagged'
railties (5.1.6) lib/rails/rack/logger.rb:24:in `call'
sprockets-rails (3.2.1) lib/sprockets/rails/quiet_assets.rb:13:in `call'
actionpack (5.1.6) lib/action_dispatch/middleware/remote_ip.rb:79:in `call'
actionpack (5.1.6) lib/action_dispatch/middleware/request_id.rb:25:in `call'
rack (2.0.4) lib/rack/method_override.rb:22:in `call'
rack (2.0.4) lib/rack/runtime.rb:22:in `call'
activesupport (5.1.6) lib/active_support/cache/strategy/local_cache_middleware.rb:27:in `call'
actionpack (5.1.6) lib/action_dispatch/middleware/executor.rb:12:in `call'
actionpack (5.1.6) lib/action_dispatch/middleware/static.rb:125:in `call'
rack (2.0.4) lib/rack/sendfile.rb:111:in `call'
railties (5.1.6) lib/rails/engine.rb:522:in `call'
puma (3.11.4) lib/puma/configuration.rb:225:in `call'
puma (3.11.4) lib/puma/server.rb:632:in `handle_request'
puma (3.11.4) lib/puma/server.rb:446:in `process_client'
puma (3.11.4) lib/puma/server.rb:306:in `block in run'
puma (3.11.4) lib/puma/thread_pool.rb:120:in `block in spawn_thread'
Started GET "/adaptor/list" for 127.0.0.1 at 2018-04-23 15:50:46 +0800
Processing by AdaptorController#list as */*
  [1m[36mSmartAdaptor Load (1.0ms)[0m  [1m[34mSELECT "smart_adaptors".* FROM "smart_adaptors"[0m
Completed 200 OK in 18ms (Views: 11.4ms | ActiveRecord: 3.0ms)


Started GET "/" for 127.0.0.1 at 2018-04-23 15:52:04 +0800
Processing by Rails::WelcomeController#index as HTML
  Rendering C:/Ruby23/lib/ruby/gems/2.3.0/gems/railties-5.1.6/lib/rails/templates/rails/welcome/index.html.erb
  Rendered C:/Ruby23/lib/ruby/gems/2.3.0/gems/railties-5.1.6/lib/rails/templates/rails/welcome/index.html.erb (3.0ms)
Completed 200 OK in 160ms (Views: 28.9ms | ActiveRecord: 0.0ms)


Started GET "/adaptor/list" for 127.0.0.1 at 2018-04-23 15:52:10 +0800
Processing by AdaptorController#list as HTML
  [1m[36mSmartAdaptor Load (1.0ms)[0m  [1m[34mSELECT "smart_adaptors".* FROM "smart_adaptors"[0m
Completed 200 OK in 5ms (Views: 3.0ms | ActiveRecord: 1.0ms)


Started GET "/adaptor/list" for 127.0.0.1 at 2018-04-23 15:55:28 +0800
Processing by AdaptorController#list as */*
  [1m[36mSmartAdaptor Load (0.0ms)[0m  [1m[34mSELECT "smart_adaptors".* FROM "smart_adaptors"[0m
Completed 200 OK in 4ms (Views: 3.6ms | ActiveRecord: 0.0ms)


  [1m[36mSmartAdaptor Load (1.0ms)[0m  [1m[34mSELECT  "smart_adaptors".* FROM "smart_adaptors" WHERE "smart_adaptors"."name" = ? ORDER BY "smart_adaptors"."id" ASC LIMIT ?[0m  [["name", "adaptor1"], ["LIMIT", 1]]
  [1m[36mSmartAdaptor Load (0.0ms)[0m  [1m[34mSELECT  "smart_adaptors".* FROM "smart_adaptors" WHERE "smart_adaptors"."name" = ? ORDER BY "smart_adaptors"."id" ASC LIMIT ?[0m  [["name", "adaptor1"], ["LIMIT", 1]]
  [1m[36mSmartAdaptor Load (0.0ms)[0m  [1m[34mSELECT  "smart_adaptors".* FROM "smart_adaptors" WHERE "smart_adaptors"."name" = ? ORDER BY "smart_adaptors"."id" ASC LIMIT ?[0m  [["name", "adaptor1"], ["LIMIT", 1]]
  [1m[36mSmartAdaptor Load (0.0ms)[0m  [1m[34mSELECT  "smart_adaptors".* FROM "smart_adaptors" WHERE "smart_adaptors"."name" = ? ORDER BY "smart_adaptors"."id" ASC LIMIT ?[0m  [["name", "adaptor1"], ["LIMIT", 1]]
  [1m[36mSmartAdaptor Load (0.0ms)[0m  [1m[34mSELECT  "smart_adaptors".* FROM "smart_adaptors" WHERE "smart_adaptors"."name" = ? ORDER BY "smart_adaptors"."id" ASC LIMIT ?[0m  [["name", "adaptor"], ["LIMIT", 1]]
Started POST "/adaptor/register?name=adaptor1" for 127.0.0.1 at 2018-04-23 15:59:48 +0800
Processing by AdaptorController#register as */*
  Parameters: {"name"=>"adaptor1"}
Can't verify CSRF token authenticity.
  [1m[36mSmartAdaptor Load (0.0ms)[0m  [1m[34mSELECT  "smart_adaptors".* FROM "smart_adaptors" WHERE "smart_adaptors"."name" = ? ORDER BY "smart_adaptors"."id" ASC LIMIT ?[0m  [["name", "adaptor1"], ["LIMIT", 1]]
  [1m[35m (0.0ms)[0m  [1m[36mbegin transaction[0m
  [1m[35mSQL (1.3ms)[0m  [1m[32mINSERT INTO "smart_adaptors" ("name", "state", "created_at", "updated_at") VALUES (?, ?, ?, ?)[0m  [["name", "adaptor1"], ["state", "f"], ["created_at", "2018-04-23 07:59:48.674791"], ["updated_at", "2018-04-23 07:59:48.674791"]]
  [1m[35m (76.9ms)[0m  [1m[36mcommit transaction[0m
Completed 200 OK in 103ms (Views: 0.7ms | ActiveRecord: 80.2ms)


  [1m[36mSmartAdaptor Load (0.0ms)[0m  [1m[34mSELECT  "smart_adaptors".* FROM "smart_adaptors" WHERE "smart_adaptors"."id" = ? LIMIT ?[0m  [["id", 2], ["LIMIT", 1]]
  [1m[35m (0.0ms)[0m  [1m[36mbegin transaction[0m
  [1m[35mSQL (2.0ms)[0m  [1m[31mDELETE FROM "smart_adaptors" WHERE "smart_adaptors"."id" = ?[0m  [["id", 2]]
  [1m[35m (96.6ms)[0m  [1m[36mcommit transaction[0m
Started POST "/adaptor/register?name=adaptor1" for 127.0.0.1 at 2018-04-23 16:00:30 +0800
Processing by AdaptorController#register as */*
  Parameters: {"name"=>"adaptor1"}
Can't verify CSRF token authenticity.
  [1m[36mSmartAdaptor Load (1.0ms)[0m  [1m[34mSELECT  "smart_adaptors".* FROM "smart_adaptors" WHERE "smart_adaptors"."name" = ? ORDER BY "smart_adaptors"."id" ASC LIMIT ?[0m  [["name", "adaptor1"], ["LIMIT", 1]]
Completed 200 OK in 22ms (Views: 0.2ms | ActiveRecord: 3.0ms)


Started POST "/adaptor/register?name=adaptor1" for 127.0.0.1 at 2018-04-23 16:08:29 +0800
Processing by AdaptorController#register as */*
  Parameters: {"name"=>"adaptor1"}
Can't verify CSRF token authenticity.
  [1m[36mSmartAdaptor Load (0.0ms)[0m  [1m[34mSELECT  "smart_adaptors".* FROM "smart_adaptors" WHERE "smart_adaptors"."name" = ? ORDER BY "smart_adaptors"."id" ASC LIMIT ?[0m  [["name", "adaptor1"], ["LIMIT", 1]]
Completed 200 OK in 17ms (Views: 0.2ms | ActiveRecord: 1.0ms)


Started GET "/adaptor/get_state?name=adaptor1" for 127.0.0.1 at 2018-04-23 16:08:49 +0800
Processing by AdaptorController#get_state as */*
  Parameters: {"name"=>"adaptor1"}
  [1m[36mSmartAdaptor Load (0.0ms)[0m  [1m[34mSELECT  "smart_adaptors".* FROM "smart_adaptors" WHERE "smart_adaptors"."name" = ? ORDER BY "smart_adaptors"."id" ASC LIMIT ?[0m  [["name", "adaptor1"], ["LIMIT", 1]]
Completed 200 OK in 4ms (Views: 0.7ms | ActiveRecord: 0.0ms)


Started POST "/adaptor/register?name=adaptor1" for 127.0.0.1 at 2018-04-23 16:09:19 +0800
Processing by AdaptorController#register as */*
  Parameters: {"name"=>"adaptor1"}
Can't verify CSRF token authenticity.
  [1m[36mSmartAdaptor Load (1.0ms)[0m  [1m[34mSELECT  "smart_adaptors".* FROM "smart_adaptors" WHERE "smart_adaptors"."name" = ? ORDER BY "smart_adaptors"."id" ASC LIMIT ?[0m  [["name", "adaptor1"], ["LIMIT", 1]]
Completed 200 OK in 17ms (Views: 0.2ms | ActiveRecord: 3.0ms)


Started GET "/adaptor/get_state?name=adaptor1" for 127.0.0.1 at 2018-04-23 16:09:48 +0800
Processing by AdaptorController#get_state as */*
  Parameters: {"name"=>"adaptor1"}
  [1m[36mSmartAdaptor Load (0.0ms)[0m  [1m[34mSELECT  "smart_adaptors".* FROM "smart_adaptors" WHERE "smart_adaptors"."name" = ? ORDER BY "smart_adaptors"."id" ASC LIMIT ?[0m  [["name", "adaptor1"], ["LIMIT", 1]]
Completed 200 OK in 3ms (Views: 0.2ms | ActiveRecord: 0.0ms)


Started POST "/adaptor/power_on?name=adaptor1" for 127.0.0.1 at 2018-04-23 16:10:05 +0800
Processing by AdaptorController#power_on as */*
  Parameters: {"name"=>"adaptor1"}
Can't verify CSRF token authenticity.
  [1m[36mSmartAdaptor Load (1.0ms)[0m  [1m[34mSELECT  "smart_adaptors".* FROM "smart_adaptors" WHERE "smart_adaptors"."name" = ? ORDER BY "smart_adaptors"."id" ASC LIMIT ?[0m  [["name", "adaptor1"], ["LIMIT", 1]]
  [1m[35m (0.0ms)[0m  [1m[36mbegin transaction[0m
  [1m[35mSQL (1.0ms)[0m  [1m[33mUPDATE "smart_adaptors" SET "state" = ?, "updated_at" = ? WHERE "smart_adaptors"."id" = ?[0m  [["state", "t"], ["updated_at", "2018-04-23 08:10:05.568974"], ["id", 1]]
  [1m[35m (215.3ms)[0m  [1m[36mcommit transaction[0m
Completed 200 OK in 226ms (Views: 0.3ms | ActiveRecord: 217.3ms)


Started POST "/adaptor/power_off?name=adaptor1" for 127.0.0.1 at 2018-04-23 16:10:19 +0800
Processing by AdaptorController#power_off as */*
  Parameters: {"name"=>"adaptor1"}
Can't verify CSRF token authenticity.
  [1m[36mSmartAdaptor Load (0.0ms)[0m  [1m[34mSELECT  "smart_adaptors".* FROM "smart_adaptors" WHERE "smart_adaptors"."name" = ? ORDER BY "smart_adaptors"."id" ASC LIMIT ?[0m  [["name", "adaptor1"], ["LIMIT", 1]]
  [1m[35m (0.0ms)[0m  [1m[36mbegin transaction[0m
  [1m[35mSQL (2.0ms)[0m  [1m[33mUPDATE "smart_adaptors" SET "state" = ?, "updated_at" = ? WHERE "smart_adaptors"."id" = ?[0m  [["state", "f"], ["updated_at", "2018-04-23 08:10:19.655839"], ["id", 1]]
  [1m[35m (204.9ms)[0m  [1m[36mcommit transaction[0m
Completed 200 OK in 217ms (Views: 0.3ms | ActiveRecord: 206.9ms)


Started GET "/adaptor/get_state?name=adaptor1" for 127.0.0.1 at 2018-04-23 16:10:25 +0800
Processing by AdaptorController#get_state as */*
  Parameters: {"name"=>"adaptor1"}
  [1m[36mSmartAdaptor Load (0.0ms)[0m  [1m[34mSELECT  "smart_adaptors".* FROM "smart_adaptors" WHERE "smart_adaptors"."name" = ? ORDER BY "smart_adaptors"."id" ASC LIMIT ?[0m  [["name", "adaptor1"], ["LIMIT", 1]]
Completed 200 OK in 4ms (Views: 0.3ms | ActiveRecord: 0.0ms)


Started POST "/adaptor/register?name=adaptor2" for 127.0.0.1 at 2018-04-23 16:10:48 +0800
Processing by AdaptorController#register as */*
  Parameters: {"name"=>"adaptor2"}
Can't verify CSRF token authenticity.
  [1m[36mSmartAdaptor Load (0.0ms)[0m  [1m[34mSELECT  "smart_adaptors".* FROM "smart_adaptors" WHERE "smart_adaptors"."name" = ? ORDER BY "smart_adaptors"."id" ASC LIMIT ?[0m  [["name", "adaptor2"], ["LIMIT", 1]]
  [1m[35m (1.0ms)[0m  [1m[36mbegin transaction[0m
  [1m[35mSQL (1.0ms)[0m  [1m[32mINSERT INTO "smart_adaptors" ("name", "state", "created_at", "updated_at") VALUES (?, ?, ?, ?)[0m  [["name", "adaptor2"], ["state", "f"], ["created_at", "2018-04-23 08:10:48.056895"], ["updated_at", "2018-04-23 08:10:48.056895"]]
  [1m[35m (163.9ms)[0m  [1m[36mcommit transaction[0m
Completed 200 OK in 177ms (Views: 0.3ms | ActiveRecord: 165.9ms)


  [1m[36mSmartAdaptor Load (0.0ms)[0m  [1m[34mSELECT  "smart_adaptors".* FROM "smart_adaptors" WHERE "smart_adaptors"."id" = ? LIMIT ?[0m  [["id", 3], ["LIMIT", 1]]
  [1m[35m (0.0ms)[0m  [1m[36mbegin transaction[0m
  [1m[35mSQL (2.1ms)[0m  [1m[31mDELETE FROM "smart_adaptors" WHERE "smart_adaptors"."id" = ?[0m  [["id", 3]]
  [1m[35m (98.2ms)[0m  [1m[36mcommit transaction[0m
Started POST "/adaptor/register?name=adaptor1" for 127.0.0.1 at 2018-04-23 16:11:47 +0800
Processing by AdaptorController#register as */*
  Parameters: {"name"=>"adaptor1"}
Can't verify CSRF token authenticity.
  [1m[36mSmartAdaptor Load (0.0ms)[0m  [1m[34mSELECT  "smart_adaptors".* FROM "smart_adaptors" WHERE "smart_adaptors"."name" = ? ORDER BY "smart_adaptors"."id" ASC LIMIT ?[0m  [["name", "adaptor1"], ["LIMIT", 1]]
Completed 200 OK in 17ms (Views: 0.2ms | ActiveRecord: 2.0ms)


Started POST "/adaptor/register?name=adaptor1" for 127.0.0.1 at 2018-04-23 16:12:02 +0800
Processing by AdaptorController#register as */*
  Parameters: {"name"=>"adaptor1"}
Can't verify CSRF token authenticity.
  [1m[36mSmartAdaptor Load (0.0ms)[0m  [1m[34mSELECT  "smart_adaptors".* FROM "smart_adaptors" WHERE "smart_adaptors"."name" = ? ORDER BY "smart_adaptors"."id" ASC LIMIT ?[0m  [["name", "adaptor1"], ["LIMIT", 1]]
Completed 200 OK in 5ms (Views: 0.2ms | ActiveRecord: 0.0ms)


Started POST "/adaptor/register?name=adaptor1" for 127.0.0.1 at 2018-04-23 16:12:13 +0800
Processing by AdaptorController#register as */*
  Parameters: {"name"=>"adaptor1"}
Can't verify CSRF token authenticity.
  [1m[36mSmartAdaptor Load (1.0ms)[0m  [1m[34mSELECT  "smart_adaptors".* FROM "smart_adaptors" WHERE "smart_adaptors"."name" = ? ORDER BY "smart_adaptors"."id" ASC LIMIT ?[0m  [["name", "adaptor1"], ["LIMIT", 1]]
Completed 200 OK in 17ms (Views: 0.2ms | ActiveRecord: 2.0ms)


Started POST "/adaptor/register?name=adaptor1" for 127.0.0.1 at 2018-04-23 16:12:15 +0800
Processing by AdaptorController#register as */*
  Parameters: {"name"=>"adaptor1"}
Can't verify CSRF token authenticity.
  [1m[36mSmartAdaptor Load (1.0ms)[0m  [1m[34mSELECT  "smart_adaptors".* FROM "smart_adaptors" WHERE "smart_adaptors"."name" = ? ORDER BY "smart_adaptors"."id" ASC LIMIT ?[0m  [["name", "adaptor1"], ["LIMIT", 1]]
Completed 200 OK in 4ms (Views: 0.2ms | ActiveRecord: 1.0ms)


Started POST "/adaptor/register?name=adaptor1" for 127.0.0.1 at 2018-04-23 16:12:17 +0800
Processing by AdaptorController#register as */*
  Parameters: {"name"=>"adaptor1"}
Can't verify CSRF token authenticity.
  [1m[36mSmartAdaptor Load (1.0ms)[0m  [1m[34mSELECT  "smart_adaptors".* FROM "smart_adaptors" WHERE "smart_adaptors"."name" = ? ORDER BY "smart_adaptors"."id" ASC LIMIT ?[0m  [["name", "adaptor1"], ["LIMIT", 1]]
Completed 200 OK in 5ms (Views: 0.2ms | ActiveRecord: 1.0ms)


Started GET "/" for 127.0.0.1 at 2018-04-23 16:12:25 +0800
Processing by Rails::WelcomeController#index as HTML
  Rendering C:/Ruby23/lib/ruby/gems/2.3.0/gems/railties-5.1.6/lib/rails/templates/rails/welcome/index.html.erb
  Rendered C:/Ruby23/lib/ruby/gems/2.3.0/gems/railties-5.1.6/lib/rails/templates/rails/welcome/index.html.erb (4.0ms)
Completed 200 OK in 87ms (Views: 50.5ms | ActiveRecord: 0.0ms)


Started GET "/adaptor/get_state?name=adaptor1" for 127.0.0.1 at 2018-04-23 16:12:35 +0800
Processing by AdaptorController#get_state as HTML
  Parameters: {"name"=>"adaptor1"}
  [1m[36mSmartAdaptor Load (1.0ms)[0m  [1m[34mSELECT  "smart_adaptors".* FROM "smart_adaptors" WHERE "smart_adaptors"."name" = ? ORDER BY "smart_adaptors"."id" ASC LIMIT ?[0m  [["name", "adaptor1"], ["LIMIT", 1]]
Completed 200 OK in 3ms (Views: 0.2ms | ActiveRecord: 1.0ms)


Started GET "/adaptor/list" for 127.0.0.1 at 2018-04-23 16:14:31 +0800
Processing by AdaptorController#list as */*
  [1m[36mSmartAdaptor Load (0.0ms)[0m  [1m[34mSELECT "smart_adaptors".* FROM "smart_adaptors"[0m
Completed 200 OK in 17ms (Views: 1.1ms | ActiveRecord: 0.0ms)


Started GET "/adaptor/list" for 127.0.0.1 at 2018-04-23 16:14:55 +0800
Processing by AdaptorController#list as */*
  [1m[36mSmartAdaptor Load (0.0ms)[0m  [1m[34mSELECT "smart_adaptors".* FROM "smart_adaptors"[0m
Completed 200 OK in 16ms (Views: 1.0ms | ActiveRecord: 3.0ms)


Started GET "/adaptor/list" for 127.0.0.1 at 2018-04-23 16:15:15 +0800
Processing by AdaptorController#list as */*
  [1m[36mSmartAdaptor Load (0.0ms)[0m  [1m[34mSELECT "smart_adaptors".* FROM "smart_adaptors"[0m
Completed 200 OK in 22ms (Views: 1.1ms | ActiveRecord: 1.0ms)


Started GET "/adaptor/list" for 127.0.0.1 at 2018-04-23 16:15:38 +0800
  
SyntaxError (C:/Users/Ivan Carlo/Documents/School/machine_problems/CS145/smart_adaptor_server/app/controllers/adaptor_controller.rb:34: syntax error, unexpected '{'
...rtAdaptor.all.each {|a| yield { name: a.name, state: a.state...
...                               ^
C:/Users/Ivan Carlo/Documents/School/machine_problems/CS145/smart_adaptor_server/app/controllers/adaptor_controller.rb:34: syntax error, unexpected tLABEL, expecting '='
...a| yield { name: a.name, state: a.state }}
...                               ^
C:/Users/Ivan Carlo/Documents/School/machine_problems/CS145/smart_adaptor_server/app/controllers/adaptor_controller.rb:34: syntax error, unexpected '}', expecting keyword_end):
  
app/controllers/adaptor_controller.rb:34: syntax error, unexpected '{'
app/controllers/adaptor_controller.rb:34: syntax error, unexpected tLABEL, expecting '='
app/controllers/adaptor_controller.rb:34: syntax error, unexpected '}', expecting keyword_end
Started GET "/adaptor/list" for 127.0.0.1 at 2018-04-23 16:17:46 +0800
Processing by AdaptorController#list as */*
  [1m[36mSmartAdaptor Load (1.0ms)[0m  [1m[34mSELECT "smart_adaptors".* FROM "smart_adaptors"[0m
Completed 200 OK in 16ms (Views: 1.3ms | ActiveRecord: 2.0ms)


Started GET "/adaptor/list" for 127.0.0.1 at 2018-04-23 16:17:54 +0800
Processing by AdaptorController#list as */*
  [1m[36mSmartAdaptor Load (0.0ms)[0m  [1m[34mSELECT "smart_adaptors".* FROM "smart_adaptors"[0m
Completed 200 OK in 20ms (Views: 0.9ms | ActiveRecord: 0.0ms)


Started GET "/adaptor/list" for 127.0.0.1 at 2018-04-23 16:18:07 +0800
  
SyntaxError (C:/Users/Ivan Carlo/Documents/School/machine_problems/CS145/smart_adaptor_server/app/controllers/adaptor_controller.rb:35: syntax error, unexpected '{'
    @a_list.each {|a| yield {name: a.name, state: a.state}}
                             ^
C:/Users/Ivan Carlo/Documents/School/machine_problems/CS145/smart_adaptor_server/app/controllers/adaptor_controller.rb:35: syntax error, unexpected tLABEL, expecting '='
    @a_list.each {|a| yield {name: a.name, state: a.state}}
                                                 ^
C:/Users/Ivan Carlo/Documents/School/machine_problems/CS145/smart_adaptor_server/app/controllers/adaptor_controller.rb:35: syntax error, unexpected '}', expecting keyword_end):
  
app/controllers/adaptor_controller.rb:35: syntax error, unexpected '{'
app/controllers/adaptor_controller.rb:35: syntax error, unexpected tLABEL, expecting '='
app/controllers/adaptor_controller.rb:35: syntax error, unexpected '}', expecting keyword_end
Started GET "/adaptor/list" for 127.0.0.1 at 2018-04-23 16:18:46 +0800
Processing by AdaptorController#list as */*
  [1m[36mSmartAdaptor Load (1.0ms)[0m  [1m[34mSELECT "smart_adaptors".* FROM "smart_adaptors"[0m
Completed 500 Internal Server Error in 15ms (ActiveRecord: 2.0ms)


  
LocalJumpError (no block given (yield)):
  
app/controllers/adaptor_controller.rb:35:in `block in list'
app/controllers/adaptor_controller.rb:35:in `list'
Started GET "/adaptor/list" for 127.0.0.1 at 2018-04-23 16:20:02 +0800
Processing by AdaptorController#list as */*
  [1m[36mSmartAdaptor Load (0.0ms)[0m  [1m[34mSELECT "smart_adaptors".* FROM "smart_adaptors"[0m
Completed 500 Internal Server Error in 14ms (ActiveRecord: 2.0ms)


  
LocalJumpError (no block given (yield)):
  
app/controllers/adaptor_controller.rb:35:in `block in list'
app/controllers/adaptor_controller.rb:35:in `list'
Started GET "/adaptor/list" for 127.0.0.1 at 2018-04-23 16:20:21 +0800
Processing by AdaptorController#list as */*
  [1m[36mSmartAdaptor Load (0.0ms)[0m  [1m[34mSELECT "smart_adaptors".* FROM "smart_adaptors"[0m
Completed 500 Internal Server Error in 14ms (ActiveRecord: 0.0ms)


  
LocalJumpError (no block given (yield)):
  
app/controllers/adaptor_controller.rb:35:in `block in list'
app/controllers/adaptor_controller.rb:35:in `list'
Started GET "/adaptor/list" for 127.0.0.1 at 2018-04-23 16:20:31 +0800
Processing by AdaptorController#list as */*
  [1m[36mSmartAdaptor Load (1.0ms)[0m  [1m[34mSELECT "smart_adaptors".* FROM "smart_adaptors"[0m
Completed 200 OK in 19ms (Views: 1.0ms | ActiveRecord: 2.0ms)


Started GET "/adaptor/list" for 127.0.0.1 at 2018-04-23 16:20:48 +0800
Processing by AdaptorController#list as */*
  [1m[36mSmartAdaptor Load (0.0ms)[0m  [1m[34mSELECT "smart_adaptors".* FROM "smart_adaptors"[0m
Completed 200 OK in 17ms (Views: 1.1ms | ActiveRecord: 1.0ms)


Started GET "/adaptor/list" for 127.0.0.1 at 2018-04-23 16:21:33 +0800
Processing by AdaptorController#list as */*
  [1m[36mSmartAdaptor Load (0.0ms)[0m  [1m[34mSELECT "smart_adaptors".* FROM "smart_adaptors"[0m
Completed 200 OK in 16ms (Views: 1.2ms | ActiveRecord: 3.0ms)


Started GET "/adaptor/list" for 127.0.0.1 at 2018-04-23 16:21:49 +0800
Processing by AdaptorController#list as */*
  [1m[36mSmartAdaptor Load (0.0ms)[0m  [1m[34mSELECT "smart_adaptors".* FROM "smart_adaptors"[0m
Completed 200 OK in 16ms (Views: 1.1ms | ActiveRecord: 1.0ms)


Started GET "/adaptor/list" for 127.0.0.1 at 2018-04-23 16:21:57 +0800
  
SyntaxError (C:/Users/Ivan Carlo/Documents/School/machine_problems/CS145/smart_adaptor_server/app/controllers/adaptor_controller.rb:36: syntax error, unexpected ':', expecting '}'
      puts {name: a.name, state: a.state}
                 ^
C:/Users/Ivan Carlo/Documents/School/machine_problems/CS145/smart_adaptor_server/app/controllers/adaptor_controller.rb:36: syntax error, unexpected tLABEL, expecting '='
      puts {name: a.name, state: a.state}
                                ^):
  
app/controllers/adaptor_controller.rb:36: syntax error, unexpected ':', expecting '}'
app/controllers/adaptor_controller.rb:36: syntax error, unexpected tLABEL, expecting '='
Started GET "/adaptor/list" for 127.0.0.1 at 2018-04-23 16:22:13 +0800
Processing by AdaptorController#list as */*
  [1m[36mSmartAdaptor Load (0.0ms)[0m  [1m[34mSELECT "smart_adaptors".* FROM "smart_adaptors"[0m
Completed 200 OK in 16ms (Views: 1.3ms | ActiveRecord: 1.0ms)


Started GET "/adaptor/list" for 127.0.0.1 at 2018-04-23 16:22:43 +0800
Processing by AdaptorController#list as */*
  [1m[36mSmartAdaptor Load (0.0ms)[0m  [1m[34mSELECT "smart_adaptors".* FROM "smart_adaptors"[0m
Completed 500 Internal Server Error in 14ms (ActiveRecord: 1.0ms)


  
LocalJumpError (no block given (yield)):
  
app/controllers/adaptor_controller.rb:36:in `block in list'
app/controllers/adaptor_controller.rb:35:in `list'
Started GET "/adaptor/list" for 127.0.0.1 at 2018-04-23 16:23:15 +0800
Processing by AdaptorController#list as */*
  [1m[36mSmartAdaptor Load (0.0ms)[0m  [1m[34mSELECT "smart_adaptors".* FROM "smart_adaptors"[0m
Completed 500 Internal Server Error in 16ms (ActiveRecord: 2.0ms)


  
LocalJumpError (no block given (yield)):
  
app/controllers/adaptor_controller.rb:35:in `block in list'
app/controllers/adaptor_controller.rb:35:in `list'
Started GET "/adaptor/list" for 127.0.0.1 at 2018-04-23 16:23:48 +0800
Processing by AdaptorController#list as */*
  [1m[36mSmartAdaptor Load (0.0ms)[0m  [1m[34mSELECT "smart_adaptors".* FROM "smart_adaptors"[0m
Completed 500 Internal Server Error in 17ms (ActiveRecord: 2.0ms)


  
NoMethodError (undefined method `add' for []:Array):
  
app/controllers/adaptor_controller.rb:37:in `block in list'
app/controllers/adaptor_controller.rb:36:in `list'
Started GET "/adaptor/list" for 127.0.0.1 at 2018-04-23 16:23:56 +0800
Processing by AdaptorController#list as */*
  [1m[36mSmartAdaptor Load (0.0ms)[0m  [1m[34mSELECT "smart_adaptors".* FROM "smart_adaptors"[0m
Completed 200 OK in 19ms (Views: 1.1ms | ActiveRecord: 1.0ms)


Started GET "/adaptor/list" for 127.0.0.1 at 2018-04-23 16:24:03 +0800
Processing by AdaptorController#list as */*
  [1m[36mSmartAdaptor Load (0.0ms)[0m  [1m[34mSELECT "smart_adaptors".* FROM "smart_adaptors"[0m
Completed 200 OK in 15ms (Views: 1.1ms | ActiveRecord: 3.0ms)


Started GET "/adaptor/list" for 127.0.0.1 at 2018-04-23 16:24:14 +0800
Processing by AdaptorController#list as */*
  [1m[36mSmartAdaptor Load (0.0ms)[0m  [1m[34mSELECT "smart_adaptors".* FROM "smart_adaptors"[0m
Completed 200 OK in 16ms (Views: 1.7ms | ActiveRecord: 1.0ms)


Started GET "/adaptor/list" for 127.0.0.1 at 2018-04-23 16:24:43 +0800
Processing by AdaptorController#list as */*
  [1m[36mSmartAdaptor Load (0.0ms)[0m  [1m[34mSELECT "smart_adaptors".* FROM "smart_adaptors"[0m
Completed 200 OK in 15ms (Views: 0.4ms | ActiveRecord: 1.0ms)


Started GET "/adaptor/list" for 127.0.0.1 at 2018-04-23 16:24:56 +0800
Processing by AdaptorController#list as */*
  [1m[36mSmartAdaptor Load (0.0ms)[0m  [1m[34mSELECT "smart_adaptors".* FROM "smart_adaptors"[0m
Completed 200 OK in 18ms (Views: 1.1ms | ActiveRecord: 1.3ms)


Started GET "/adaptor/list" for 127.0.0.1 at 2018-04-23 16:25:13 +0800
Processing by AdaptorController#list as */*
  [1m[36mSmartAdaptor Load (0.0ms)[0m  [1m[34mSELECT "smart_adaptors".* FROM "smart_adaptors"[0m
Completed 200 OK in 16ms (Views: 0.3ms | ActiveRecord: 2.0ms)


Started GET "/adaptor/list" for 127.0.0.1 at 2018-04-23 16:26:07 +0800
Processing by AdaptorController#list as */*
  [1m[36mSmartAdaptor Load (0.0ms)[0m  [1m[34mSELECT "smart_adaptors".* FROM "smart_adaptors"[0m
Completed 200 OK in 14ms (Views: 0.2ms | ActiveRecord: 2.0ms)


Started GET "/adaptor/list" for 127.0.0.1 at 2018-04-23 16:27:30 +0800
Processing by AdaptorController#list as */*
  [1m[36mSmartAdaptor Load (0.0ms)[0m  [1m[34mSELECT "smart_adaptors".* FROM "smart_adaptors"[0m
  [1m[36mCACHE SmartAdaptor Load (0.0ms)[0m  [1m[34mSELECT "smart_adaptors".* FROM "smart_adaptors"[0m
Completed 200 OK in 18ms (Views: 0.4ms | ActiveRecord: 0.0ms)


Started GET "/adaptor/list" for 127.0.0.1 at 2018-04-23 16:28:21 +0800
Processing by AdaptorController#list as */*
  [1m[36mSmartAdaptor Load (1.0ms)[0m  [1m[34mSELECT "smart_adaptors".* FROM "smart_adaptors"[0m
Completed 200 OK in 15ms (Views: 0.2ms | ActiveRecord: 2.0ms)


Started GET "/adaptor/list" for 127.0.0.1 at 2018-04-23 16:28:22 +0800
Processing by AdaptorController#list as */*
  [1m[36mSmartAdaptor Load (0.0ms)[0m  [1m[34mSELECT "smart_adaptors".* FROM "smart_adaptors"[0m
Completed 200 OK in 3ms (Views: 0.2ms | ActiveRecord: 0.0ms)


Started POST "/adaptor/register?name=adaptor2" for 127.0.0.1 at 2018-04-23 16:28:27 +0800
Processing by AdaptorController#register as */*
  Parameters: {"name"=>"adaptor2"}
Can't verify CSRF token authenticity.
  [1m[36mSmartAdaptor Load (0.0ms)[0m  [1m[34mSELECT  "smart_adaptors".* FROM "smart_adaptors" WHERE "smart_adaptors"."name" = ? ORDER BY "smart_adaptors"."id" ASC LIMIT ?[0m  [["name", "adaptor2"], ["LIMIT", 1]]
  [1m[35m (0.0ms)[0m  [1m[36mbegin transaction[0m
  [1m[35mSQL (1.0ms)[0m  [1m[32mINSERT INTO "smart_adaptors" ("name", "state", "created_at", "updated_at") VALUES (?, ?, ?, ?)[0m  [["name", "adaptor2"], ["state", "f"], ["created_at", "2018-04-23 08:28:27.673956"], ["updated_at", "2018-04-23 08:28:27.673956"]]
  [1m[35m (153.7ms)[0m  [1m[36mcommit transaction[0m
Completed 200 OK in 162ms (Views: 0.2ms | ActiveRecord: 154.7ms)


Started POST "/adaptor/register?name=adaptor2" for 127.0.0.1 at 2018-04-23 16:28:36 +0800
Processing by AdaptorController#register as */*
  Parameters: {"name"=>"adaptor2"}
Can't verify CSRF token authenticity.
  [1m[36mSmartAdaptor Load (0.0ms)[0m  [1m[34mSELECT  "smart_adaptors".* FROM "smart_adaptors" WHERE "smart_adaptors"."name" = ? ORDER BY "smart_adaptors"."id" ASC LIMIT ?[0m  [["name", "adaptor2"], ["LIMIT", 1]]
Completed 200 OK in 5ms (Views: 0.2ms | ActiveRecord: 0.0ms)


Started GET "/adaptor/list" for 127.0.0.1 at 2018-04-23 16:28:44 +0800
Processing by AdaptorController#list as */*
  [1m[36mSmartAdaptor Load (0.0ms)[0m  [1m[34mSELECT "smart_adaptors".* FROM "smart_adaptors"[0m
Completed 200 OK in 4ms (Views: 0.3ms | ActiveRecord: 0.0ms)


  [1m[36mSmartAdaptor Load (1.0ms)[0m  [1m[34mSELECT  "smart_adaptors".* FROM "smart_adaptors" WHERE "smart_adaptors"."id" = ? LIMIT ?[0m  [["id", 4], ["LIMIT", 1]]
  [1m[35m (0.0ms)[0m  [1m[36mbegin transaction[0m
  [1m[35mSQL (1.7ms)[0m  [1m[31mDELETE FROM "smart_adaptors" WHERE "smart_adaptors"."id" = ?[0m  [["id", 4]]
  [1m[35m (122.0ms)[0m  [1m[36mcommit transaction[0m
Started GET "/adaptor/get_state?name=adaptor1" for 127.0.0.1 at 2018-05-07 11:52:43 +0800
  [1m[35m (0.0ms)[0m  [1m[34mSELECT "schema_migrations"."version" FROM "schema_migrations" ORDER BY "schema_migrations"."version" ASC[0m
Processing by AdaptorController#get_state as */*
  Parameters: {"name"=>"adaptor1"}
  [1m[36mSmartAdaptor Load (15.6ms)[0m  [1m[34mSELECT  "smart_adaptors".* FROM "smart_adaptors" WHERE "smart_adaptors"."name" = ? ORDER BY "smart_adaptors"."id" ASC LIMIT ?[0m  [["name", "adaptor1"], ["LIMIT", 1]]
Completed 200 OK in 62ms (Views: 0.3ms | ActiveRecord: 15.6ms)


  [1m[36mSmartAdaptor Load (1.0ms)[0m  [1m[34mSELECT  "smart_adaptors".* FROM "smart_adaptors" WHERE "smart_adaptors"."id" = ? LIMIT ?[0m  [["id", 1], ["LIMIT", 1]]
  [1m[35m (0.0ms)[0m  [1m[34mSELECT "schema_migrations"."version" FROM "schema_migrations" ORDER BY "schema_migrations"."version" ASC[0m
Migrating to AddOptoStateToSmartAdaptors (20180508071741)
  [1m[35m (0.0ms)[0m  [1m[36mbegin transaction[0m
  [1m[35m (2.0ms)[0m  [1m[35mALTER TABLE "smart_adaptors" ADD "opto_state" boolean[0m
  [1m[35mSQL (0.0ms)[0m  [1m[32mINSERT INTO "schema_migrations" ("version") VALUES (?)[0m  [["version", "20180508071741"]]
  [1m[35m (227.1ms)[0m  [1m[36mcommit transaction[0m
  [1m[36mActiveRecord::InternalMetadata Load (1.0ms)[0m  [1m[34mSELECT  "ar_internal_metadata".* FROM "ar_internal_metadata" WHERE "ar_internal_metadata"."key" = ? LIMIT ?[0m  [["key", "environment"], ["LIMIT", 1]]
  [1m[35m (0.0ms)[0m  [1m[36mbegin transaction[0m
  [1m[35m (0.0ms)[0m  [1m[36mcommit transaction[0m
  [1m[35m (0.0ms)[0m  [1m[34mSELECT "schema_migrations"."version" FROM "schema_migrations" ORDER BY "schema_migrations"."version" ASC[0m
  [1m[36mSmartAdaptor Load (0.0ms)[0m  [1m[34mSELECT  "smart_adaptors".* FROM "smart_adaptors" WHERE "smart_adaptors"."id" = ? LIMIT ?[0m  [["id", 1], ["LIMIT", 1]]
  [1m[35m (0.0ms)[0m  [1m[36mbegin transaction[0m
  [1m[35mSQL (2.0ms)[0m  [1m[33mUPDATE "smart_adaptors" SET "updated_at" = ?, "opto_state" = ? WHERE "smart_adaptors"."id" = ?[0m  [["updated_at", "2018-05-08 07:23:49.678210"], ["opto_state", "f"], ["id", 1]]
  [1m[35m (266.2ms)[0m  [1m[36mcommit transaction[0m
